Using pre-set license
Built from '2022.3/staging' branch; Version is '2022.3.46f1 (8e9b8558c41a) revision 9345925'; Using compiler version '192829333'; Build Type 'Release'
OS: 'Windows 11  (10.0.22631) 64bit Core' Language: 'en' Physical Memory: 7934 MB
BatchMode: 1, IsHumanControllingUs: 0, StartBugReporterOnCrash: 0, Is64bit: 1, IsPro: 1

COMMAND LINE ARGUMENTS:
E:\Unity\Unity 2022.3.46f1\Editor\Unity.exe
-adb2
-batchMode
-noUpm
-name
AssetImportWorker0
-projectPath
E:/Unity/Games/John-Lemon-Repository/John Lemon v2
-logFile
Logs/AssetImportWorker0.log
-srvPort
57717
Successfully changed project path to: E:/Unity/Games/John-Lemon-Repository/John Lemon v2
E:/Unity/Games/John-Lemon-Repository/John Lemon v2
[UnityMemory] Configuration Parameters - Can be set up in boot.config
    "memorysetup-bucket-allocator-granularity=16"
    "memorysetup-bucket-allocator-bucket-count=8"
    "memorysetup-bucket-allocator-block-size=33554432"
    "memorysetup-bucket-allocator-block-count=8"
    "memorysetup-main-allocator-block-size=16777216"
    "memorysetup-thread-allocator-block-size=16777216"
    "memorysetup-gfx-main-allocator-block-size=16777216"
    "memorysetup-gfx-thread-allocator-block-size=16777216"
    "memorysetup-cache-allocator-block-size=4194304"
    "memorysetup-typetree-allocator-block-size=2097152"
    "memorysetup-profiler-bucket-allocator-granularity=16"
    "memorysetup-profiler-bucket-allocator-bucket-count=8"
    "memorysetup-profiler-bucket-allocator-block-size=33554432"
    "memorysetup-profiler-bucket-allocator-block-count=8"
    "memorysetup-profiler-allocator-block-size=16777216"
    "memorysetup-profiler-editor-allocator-block-size=1048576"
    "memorysetup-temp-allocator-size-main=16777216"
    "memorysetup-job-temp-allocator-block-size=2097152"
    "memorysetup-job-temp-allocator-block-size-background=1048576"
    "memorysetup-job-temp-allocator-reduction-small-platforms=262144"
    "memorysetup-allocator-temp-initial-block-size-main=262144"
    "memorysetup-allocator-temp-initial-block-size-worker=262144"
    "memorysetup-temp-allocator-size-background-worker=32768"
    "memorysetup-temp-allocator-size-job-worker=262144"
    "memorysetup-temp-allocator-size-preload-manager=33554432"
    "memorysetup-temp-allocator-size-nav-mesh-worker=65536"
    "memorysetup-temp-allocator-size-audio-worker=65536"
    "memorysetup-temp-allocator-size-cloud-worker=32768"
    "memorysetup-temp-allocator-size-gi-baking-worker=262144"
    "memorysetup-temp-allocator-size-gfx=262144"
Player connection [26960]  Target information:

Player connection [26960]  * "[IP] 192.168.56.1 [Port] 0 [Flags] 2 [Guid] 2835136024 [EditorId] 2835136024 [Version] 1048832 [Id] WindowsEditor(7,LAPTOP-DCMIM3DN) [Debug] 1 [PackageName] WindowsEditor [ProjectName] Editor" 

Player connection [26960]  * "[IP] 10.189.98.87 [Port] 0 [Flags] 2 [Guid] 2835136024 [EditorId] 2835136024 [Version] 1048832 [Id] WindowsEditor(7,LAPTOP-DCMIM3DN) [Debug] 1 [PackageName] WindowsEditor [ProjectName] Editor" 

Player connection [26960] Host joined multi-casting on [225.0.0.222:54997]...
Player connection [26960] Host joined alternative multi-casting on [225.0.0.222:34997]...
[PhysX] Initialized MultithreadedTaskDispatcher with 4 workers.
Refreshing native plugins compatible for Editor in 598.13 ms, found 3 plugins.
Preloading 0 native plugins for Editor in 0.00 ms.
Initialize engine version: 2022.3.46f1 (8e9b8558c41a)
[Subsystems] Discovering subsystems at path E:/Unity/Unity 2022.3.46f1/Editor/Data/Resources/UnitySubsystems
[Subsystems] Discovering subsystems at path E:/Unity/Games/John-Lemon-Repository/John Lemon v2/Assets
GfxDevice: creating device client; threaded=0; jobified=0
Direct3D:
    Version:  Direct3D 11.0 [level 11.1]
    Renderer: Intel(R) UHD Graphics (ID=0x8a56)
    Vendor:   Intel
    VRAM:     3967 MB
    Driver:   30.0.100.9864
Initialize mono
Mono path[0] = 'E:/Unity/Unity 2022.3.46f1/Editor/Data/Managed'
Mono path[1] = 'E:/Unity/Unity 2022.3.46f1/Editor/Data/MonoBleedingEdge/lib/mono/unityjit-win32'
Mono config path = 'E:/Unity/Unity 2022.3.46f1/Editor/Data/MonoBleedingEdge/etc'
Using monoOptions --debugger-agent=transport=dt_socket,embedding=1,server=y,suspend=n,address=127.0.0.1:56736
Begin MonoManager ReloadAssembly
Registering precompiled unity dll's ...
Register platform support module: E:/Unity/Unity 2022.3.46f1/Editor/Data/PlaybackEngines/WindowsStandaloneSupport/UnityEditor.WindowsStandalone.Extensions.dll
Registered in 0.048626 seconds.
- Loaded All Assemblies, in  7.675 seconds
Native extension for WindowsStandalone target not found
Mono: successfully reloaded assembly
- Finished resetting the current domain, in  0.531 seconds
Domain Reload Profiling: 8204ms
	BeginReloadAssembly (5820ms)
		ExecutionOrderSort (0ms)
		DisableScriptedObjects (0ms)
		BackupInstance (0ms)
		ReleaseScriptingObjects (0ms)
		CreateAndSetChildDomain (2ms)
	RebuildCommonClasses (198ms)
	RebuildNativeTypeToScriptingClass (20ms)
	initialDomainReloadingComplete (173ms)
	LoadAllAssembliesAndSetupDomain (1461ms)
		LoadAssemblies (5819ms)
		RebuildTransferFunctionScriptingTraits (0ms)
		AnalyzeDomain (1458ms)
			TypeCache.Refresh (1455ms)
				TypeCache.ScanAssembly (758ms)
			ScanForSourceGeneratedMonoScriptInfo (0ms)
			ResolveRequiredComponents (2ms)
	FinalizeReload (532ms)
		ReleaseScriptCaches (0ms)
		RebuildScriptCaches (0ms)
		SetupLoadedEditorAssemblies (482ms)
			LogAssemblyErrors (0ms)
			InitializePlatformSupportModulesInManaged (27ms)
			SetLoadedEditorAssemblies (156ms)
			RefreshPlugins (0ms)
			BeforeProcessingInitializeOnLoad (3ms)
			ProcessInitializeOnLoadAttributes (241ms)
			ProcessInitializeOnLoadMethodAttributes (56ms)
			AfterProcessingInitializeOnLoad (0ms)
			EditorAssembliesLoaded (0ms)
		ExecutionOrderSort2 (0ms)
		AwakeInstancesAfterBackupRestoration (0ms)
========================================================================
Worker process is ready to serve import requests
Caller must complete domain reload
Begin MonoManager ReloadAssembly
- Loaded All Assemblies, in  2.984 seconds
Native extension for WindowsStandalone target not found
Package Manager log level set to [2]
[Package Manager] Server::EnsureServerProcessIsRunning -- launch failed, reason: Unity was launched with the -noUpm command-line argument
[Package Manager] UpmClient::Send -- Unable to send message (not connected to UPM process).
[Package Manager] Cannot connect to Unity Package Manager local server
Mono: successfully reloaded assembly
- Finished resetting the current domain, in  1.255 seconds
Domain Reload Profiling: 4240ms
	BeginReloadAssembly (282ms)
		ExecutionOrderSort (0ms)
		DisableScriptedObjects (9ms)
		BackupInstance (0ms)
		ReleaseScriptingObjects (0ms)
		CreateAndSetChildDomain (68ms)
	RebuildCommonClasses (133ms)
	RebuildNativeTypeToScriptingClass (33ms)
	initialDomainReloadingComplete (66ms)
	LoadAllAssembliesAndSetupDomain (2470ms)
		LoadAssemblies (2213ms)
		RebuildTransferFunctionScriptingTraits (0ms)
		AnalyzeDomain (403ms)
			TypeCache.Refresh (383ms)
				TypeCache.ScanAssembly (363ms)
			ScanForSourceGeneratedMonoScriptInfo (15ms)
			ResolveRequiredComponents (5ms)
	FinalizeReload (1256ms)
		ReleaseScriptCaches (0ms)
		RebuildScriptCaches (0ms)
		SetupLoadedEditorAssemblies (990ms)
			LogAssemblyErrors (0ms)
			InitializePlatformSupportModulesInManaged (4ms)
			SetLoadedEditorAssemblies (5ms)
			RefreshPlugins (0ms)
			BeforeProcessingInitializeOnLoad (56ms)
			ProcessInitializeOnLoadAttributes (898ms)
			ProcessInitializeOnLoadMethodAttributes (24ms)
			AfterProcessingInitializeOnLoad (2ms)
			EditorAssembliesLoaded (0ms)
		ExecutionOrderSort2 (0ms)
		AwakeInstancesAfterBackupRestoration (9ms)
Launched and connected shader compiler UnityShaderCompiler.exe after 0.51 seconds
Refreshing native plugins compatible for Editor in 4.22 ms, found 3 plugins.
Preloading 0 native plugins for Editor in 0.00 ms.
Unloading 3105 Unused Serialized files (Serialized files now loaded: 0)
Unloading 19 unused Assets / (54.7 KB). Loaded Objects now: 3572.
Memory consumption went from 121.7 MB to 121.7 MB.
Total: 3.126900 ms (FindLiveObjects: 0.201700 ms CreateObjectMapping: 0.094700 ms MarkObjects: 2.740600 ms  DeleteObjects: 0.089000 ms)

AssetImportParameters requested are different than current active one (requested -> active):
  custom:container-demuxer-ogg: 62fdf1f143b41e24485cea50d1cbac27 -> 
  custom:video-codec-MediaFoundation-h265: 746d11721c4dcdbdad8f713fa42b33f4 -> 
  custom:video-decoder-ogg-theora: a1e56fd34408186e4bbccfd4996cb3dc -> 
  custom:framework-win-MediaFoundation: 216162199b28c13a410421893ffa2e32 -> 
  custom:CustomObjectIndexerAttribute: 9a22284fe3817be447336de3de66b15e -> 
  custom:container-demuxer-webm: 4f35f7cbe854078d1ac9338744f61a02 -> 
  custom:container-muxer-webm: aa71ff27fc2769a1b78a27578f13a17b -> 
  custom:video-decoder-webm-vp8: 9c59270c3fd7afecdb556c50c9e8de78 -> 
  custom:SearchIndexIgnoredProperties: e643bd26f0fe6173181afceb89e7c659 -> 
  custom:AudioImporter_EditorPlatform: d09bf68614088b80899f8185d706f6e7 -> 
  custom:video-encoder-webm-vp8: eb34c28f22e8b96e1ab97ce403110664 -> 
  custom:audio-decoder-ogg-vorbis: bf7c407c2cedff20999df2af8eb42d56 -> 
  custom:audio-encoder-webm-vorbis: bf7c407c2cedff20999df2af8eb42d56 -> 
========================================================================
Received Import Request.
  Time since last request: 826355.153948 seconds.
  path: Assets/Dark UI/Prefabs Panel/Panel.prefab
  artifactKey: Guid(d9f1eab8509cab84c8deac6f16b2db0c) Importer(815301076,1909f56bfc062723c751e8b465ee728b)
Start importing Assets/Dark UI/Prefabs Panel/Panel.prefab using Guid(d9f1eab8509cab84c8deac6f16b2db0c) Importer(815301076,1909f56bfc062723c751e8b465ee728b) [PhysX] Initialized MultithreadedTaskDispatcher with 4 workers.
 -> (artifact id: '8d2327a9748bef04829ecb864623fe5d') in 0.057369 seconds
Number of updated asset objects reloaded before import = 0
Number of asset objects unloaded after import = 87
========================================================================
Received Import Request.
  Time since last request: 0.000025 seconds.
  path: Assets/Dark UI/Prefabs Panel/Facebook Login.prefab
  artifactKey: Guid(e2541b822c0a4a5438b4f733059d8286) Importer(815301076,1909f56bfc062723c751e8b465ee728b)
Start importing Assets/Dark UI/Prefabs Panel/Facebook Login.prefab using Guid(e2541b822c0a4a5438b4f733059d8286) Importer(815301076,1909f56bfc062723c751e8b465ee728b) [PhysX] Initialized MultithreadedTaskDispatcher with 4 workers.
 -> (artifact id: '3960575df6cabd0150025b5dc99c906b') in 0.026989 seconds
Number of updated asset objects reloaded before import = 0
Number of asset objects unloaded after import = 72
========================================================================
Received Import Request.
  Time since last request: 0.000021 seconds.
  path: Assets/Dark UI/Free
  artifactKey: Guid(ed4641cfe264b2a4d85131149cf11d14) Importer(815301076,1909f56bfc062723c751e8b465ee728b)
Start importing Assets/Dark UI/Free using Guid(ed4641cfe264b2a4d85131149cf11d14) Importer(815301076,1909f56bfc062723c751e8b465ee728b) [PhysX] Initialized MultithreadedTaskDispatcher with 4 workers.
 -> (artifact id: '007304c442e33bbc0d526e19aa2e1fcc') in 0.001701 seconds
Number of updated asset objects reloaded before import = 0
Number of asset objects unloaded after import = 0
========================================================================
Received Import Request.
  Time since last request: 2.643988 seconds.
  path: Assets/Dark UI/Prefabs Panel/Ranking.prefab
  artifactKey: Guid(eb6a70d5d0019934d9b19badc9144ac5) Importer(815301076,1909f56bfc062723c751e8b465ee728b)
Start importing Assets/Dark UI/Prefabs Panel/Ranking.prefab using Guid(eb6a70d5d0019934d9b19badc9144ac5) Importer(815301076,1909f56bfc062723c751e8b465ee728b) [PhysX] Initialized MultithreadedTaskDispatcher with 4 workers.
 -> (artifact id: 'ea3708b127bd55f7af85cc6ec7719109') in 0.020861 seconds
Number of updated asset objects reloaded before import = 0
Number of asset objects unloaded after import = 356
========================================================================
Received Import Request.
  Time since last request: 32.019370 seconds.
  path: Assets/Dark UI/Free/32 Light 2.png
  artifactKey: Guid(9c22439f7b2eadb41b70e5385d667660) Importer(815301076,1909f56bfc062723c751e8b465ee728b)
Start importing Assets/Dark UI/Free/32 Light 2.png using Guid(9c22439f7b2eadb41b70e5385d667660) Importer(815301076,1909f56bfc062723c751e8b465ee728b) [PhysX] Initialized MultithreadedTaskDispatcher with 4 workers.
[PhysX] Initialized MultithreadedTaskDispatcher with 4 workers.
 -> (artifact id: '0832ec426d40244ab4614fee199c3cc7') in 0.165424 seconds
Number of updated asset objects reloaded before import = 0
Number of asset objects unloaded after import = 3
========================================================================
Received Import Request.
  Time since last request: 4.035468 seconds.
  path: Assets/Dark UI/Free/32 Light.png
  artifactKey: Guid(a689281f545979940b5cedad12ec31a8) Importer(815301076,1909f56bfc062723c751e8b465ee728b)
Start importing Assets/Dark UI/Free/32 Light.png using Guid(a689281f545979940b5cedad12ec31a8) Importer(815301076,1909f56bfc062723c751e8b465ee728b) [PhysX] Initialized MultithreadedTaskDispatcher with 4 workers.
[PhysX] Initialized MultithreadedTaskDispatcher with 4 workers.
 -> (artifact id: 'b5b51b4a5f0a6285a45bfc1256525e51') in 0.024144 seconds
Number of updated asset objects reloaded before import = 0
Number of asset objects unloaded after import = 3
========================================================================
Received Import Request.
  Time since last request: 1.529540 seconds.
  path: Assets/Dark UI/Free/32.png
  artifactKey: Guid(dcdc43f7a0ad67b4ab3e3db38233dfae) Importer(815301076,1909f56bfc062723c751e8b465ee728b)
Start importing Assets/Dark UI/Free/32.png using Guid(dcdc43f7a0ad67b4ab3e3db38233dfae) Importer(815301076,1909f56bfc062723c751e8b465ee728b) [PhysX] Initialized MultithreadedTaskDispatcher with 4 workers.
[PhysX] Initialized MultithreadedTaskDispatcher with 4 workers.
 -> (artifact id: '19e63e647d6a123c177de2bcfe583c4e') in 0.026201 seconds
Number of updated asset objects reloaded before import = 0
Number of asset objects unloaded after import = 3
========================================================================
Received Import Request.
  Time since last request: 1.566504 seconds.
  path: Assets/Dark UI/Free/64 Light 2.png
  artifactKey: Guid(91db8970c28d4a344beff5618f7a0ca3) Importer(815301076,1909f56bfc062723c751e8b465ee728b)
Start importing Assets/Dark UI/Free/64 Light 2.png using Guid(91db8970c28d4a344beff5618f7a0ca3) Importer(815301076,1909f56bfc062723c751e8b465ee728b) [PhysX] Initialized MultithreadedTaskDispatcher with 4 workers.
[PhysX] Initialized MultithreadedTaskDispatcher with 4 workers.
 -> (artifact id: '320309be28627a40d091597693a18134') in 0.050890 seconds
Number of updated asset objects reloaded before import = 0
Number of asset objects unloaded after import = 3
========================================================================
Received Import Request.
  Time since last request: 0.766360 seconds.
  path: Assets/Dark UI/Free/64 Light.png
  artifactKey: Guid(1bf101c8c2b8aab4484cd2ff08be047b) Importer(815301076,1909f56bfc062723c751e8b465ee728b)
Start importing Assets/Dark UI/Free/64 Light.png using Guid(1bf101c8c2b8aab4484cd2ff08be047b) Importer(815301076,1909f56bfc062723c751e8b465ee728b) [PhysX] Initialized MultithreadedTaskDispatcher with 4 workers.
[PhysX] Initialized MultithreadedTaskDispatcher with 4 workers.
 -> (artifact id: 'f268810312ae5ba771a4fdd47891199c') in 0.024951 seconds
Number of updated asset objects reloaded before import = 0
Number of asset objects unloaded after import = 3
========================================================================
Received Import Request.
  Time since last request: 4568.259370 seconds.
  path: Assets/Fonts/ostrich-black.ttf
  artifactKey: Guid(b4bfc140cbe63664fa33129d483f4cff) Importer(815301076,1909f56bfc062723c751e8b465ee728b)
Start importing Assets/Fonts/ostrich-black.ttf using Guid(b4bfc140cbe63664fa33129d483f4cff) Importer(815301076,1909f56bfc062723c751e8b465ee728b) [PhysX] Initialized MultithreadedTaskDispatcher with 4 workers.
[PhysX] Initialized MultithreadedTaskDispatcher with 4 workers.
[PhysX] Initialized MultithreadedTaskDispatcher with 4 workers.
 -> (artifact id: 'b79bf7e26bbf0d0dbac237696ac234ac') in 2.473415 seconds
Number of updated asset objects reloaded before import = 0
Number of asset objects unloaded after import = 4
========================================================================
Received Import Request.
  Time since last request: 28.434832 seconds.
  path: Assets/Fonts/ostrich-black SDF.asset
  artifactKey: Guid(caa646e8f15c63840a1e2979461d66b3) Importer(815301076,1909f56bfc062723c751e8b465ee728b)
Start importing Assets/Fonts/ostrich-black SDF.asset using Guid(caa646e8f15c63840a1e2979461d66b3) Importer(815301076,1909f56bfc062723c751e8b465ee728b) [PhysX] Initialized MultithreadedTaskDispatcher with 4 workers.
[PhysX] Initialized MultithreadedTaskDispatcher with 4 workers.
[PhysX] Initialized MultithreadedTaskDispatcher with 4 workers.
 -> (artifact id: 'eb574b79e4aa5660f082e4eacb55df21') in 0.168354 seconds
Number of updated asset objects reloaded before import = 0
Number of asset objects unloaded after import = 6
========================================================================
Received Import Request.
  Time since last request: 17.013739 seconds.
  path: Assets/Fonts/I Still Know SDF.asset
  artifactKey: Guid(e9751f2877c40c14eb91b85db0f014c7) Importer(815301076,1909f56bfc062723c751e8b465ee728b)
Start importing Assets/Fonts/I Still Know SDF.asset using Guid(e9751f2877c40c14eb91b85db0f014c7) Importer(815301076,1909f56bfc062723c751e8b465ee728b) [PhysX] Initialized MultithreadedTaskDispatcher with 4 workers.
[PhysX] Initialized MultithreadedTaskDispatcher with 4 workers.
[PhysX] Initialized MultithreadedTaskDispatcher with 4 workers.
 -> (artifact id: 'ec84cf139dade18ad50a934e0d7a31d5') in 0.206677 seconds
Number of updated asset objects reloaded before import = 0
Number of asset objects unloaded after import = 6
========================================================================
Received Import Request.
  Time since last request: 41.785025 seconds.
  path: Assets/Fonts/ostrich-light.ttf
  artifactKey: Guid(b077032f53382d348877f6d71b8c6f3c) Importer(815301076,1909f56bfc062723c751e8b465ee728b)
Start importing Assets/Fonts/ostrich-light.ttf using Guid(b077032f53382d348877f6d71b8c6f3c) Importer(815301076,1909f56bfc062723c751e8b465ee728b) [PhysX] Initialized MultithreadedTaskDispatcher with 4 workers.
[PhysX] Initialized MultithreadedTaskDispatcher with 4 workers.
[PhysX] Initialized MultithreadedTaskDispatcher with 4 workers.
 -> (artifact id: 'bdeb504f6b253d1a70d9aa365ee7740c') in 0.022775 seconds
Number of updated asset objects reloaded before import = 0
Number of asset objects unloaded after import = 4
========================================================================
Received Import Request.
  Time since last request: 20.172193 seconds.
  path: Assets/Fonts/ostrich-black SDF.asset
  artifactKey: Guid(caa646e8f15c63840a1e2979461d66b3) Importer(815301076,1909f56bfc062723c751e8b465ee728b)
Start importing Assets/Fonts/ostrich-black SDF.asset using Guid(caa646e8f15c63840a1e2979461d66b3) Importer(815301076,1909f56bfc062723c751e8b465ee728b) [PhysX] Initialized MultithreadedTaskDispatcher with 4 workers.
[PhysX] Initialized MultithreadedTaskDispatcher with 4 workers.
[PhysX] Initialized MultithreadedTaskDispatcher with 4 workers.
 -> (artifact id: 'cdd19083e43f6bdc7287fb23129659a2') in 0.207247 seconds
Number of updated asset objects reloaded before import = 0
Number of asset objects unloaded after import = 6
========================================================================
Received Import Request.
  Time since last request: 0.000028 seconds.
  path: Assets/Fonts/ostrich-light SDF.asset
  artifactKey: Guid(c8be3b3a8e0223144b33a1dc60ae189f) Importer(815301076,1909f56bfc062723c751e8b465ee728b)
Start importing Assets/Fonts/ostrich-light SDF.asset using Guid(c8be3b3a8e0223144b33a1dc60ae189f) Importer(815301076,1909f56bfc062723c751e8b465ee728b) [PhysX] Initialized MultithreadedTaskDispatcher with 4 workers.
[PhysX] Initialized MultithreadedTaskDispatcher with 4 workers.
[PhysX] Initialized MultithreadedTaskDispatcher with 4 workers.
 -> (artifact id: '75b57b6f31c68511e9bf942c5af43acc') in 0.060419 seconds
Number of updated asset objects reloaded before import = 0
Number of asset objects unloaded after import = 6
========================================================================
Received Import Request.
  Time since last request: 212.972623 seconds.
  path: Assets/UI
  artifactKey: Guid(295fcde6574c387409e639a491b1f2b7) Importer(815301076,1909f56bfc062723c751e8b465ee728b)
Start importing Assets/UI using Guid(295fcde6574c387409e639a491b1f2b7) Importer(815301076,1909f56bfc062723c751e8b465ee728b) [PhysX] Initialized MultithreadedTaskDispatcher with 4 workers.
 -> (artifact id: '45aaebee1c7585ac6a0da666e7104056') in 0.001401 seconds
Number of updated asset objects reloaded before import = 0
Number of asset objects unloaded after import = 0
========================================================================
Received Import Request.
  Time since last request: 11.910912 seconds.
  path: Assets/UI/blood-splatter-png-44474.png
  artifactKey: Guid(f965bf7ed6d2205499462cff5607dc8f) Importer(815301076,1909f56bfc062723c751e8b465ee728b)
Start importing Assets/UI/blood-splatter-png-44474.png using Guid(f965bf7ed6d2205499462cff5607dc8f) Importer(815301076,1909f56bfc062723c751e8b465ee728b) [PhysX] Initialized MultithreadedTaskDispatcher with 4 workers.
[PhysX] Initialized MultithreadedTaskDispatcher with 4 workers.
 -> (artifact id: '3396c26a8d6a2c7e07c345dde59fe288') in 0.077414 seconds
Number of updated asset objects reloaded before import = 0
Number of asset objects unloaded after import = 2
========================================================================
Received Import Request.
  Time since last request: 60.676777 seconds.
  path: Assets/Dark UI/Free/64.png
  artifactKey: Guid(701e7ed4dde1bf949b30e33741547ac9) Importer(815301076,1909f56bfc062723c751e8b465ee728b)
Start importing Assets/Dark UI/Free/64.png using Guid(701e7ed4dde1bf949b30e33741547ac9) Importer(815301076,1909f56bfc062723c751e8b465ee728b) [PhysX] Initialized MultithreadedTaskDispatcher with 4 workers.
[PhysX] Initialized MultithreadedTaskDispatcher with 4 workers.
 -> (artifact id: '6de1c0bbc06904fd0bf72d4253920171') in 0.601339 seconds
Number of updated asset objects reloaded before import = 0
Number of asset objects unloaded after import = 3
========================================================================
Received Import Request.
  Time since last request: 0.000054 seconds.
  path: Assets/Dark UI/Free/BTN_A2.png
  artifactKey: Guid(0d6987b955d79574a92ef79c006ad418) Importer(815301076,1909f56bfc062723c751e8b465ee728b)
Start importing Assets/Dark UI/Free/BTN_A2.png using Guid(0d6987b955d79574a92ef79c006ad418) Importer(815301076,1909f56bfc062723c751e8b465ee728b) [PhysX] Initialized MultithreadedTaskDispatcher with 4 workers.
[PhysX] Initialized MultithreadedTaskDispatcher with 4 workers.
 -> (artifact id: '868cef88fe0a2c6f0c6823a7972b3abd') in 0.158917 seconds
Number of updated asset objects reloaded before import = 0
Number of asset objects unloaded after import = 3
========================================================================
Received Import Request.
  Time since last request: 0.000082 seconds.
  path: Assets/Dark UI/Free/128 Light 2.png
  artifactKey: Guid(4c5a0d6878b96be4f9f82216b59eca51) Importer(815301076,1909f56bfc062723c751e8b465ee728b)
Start importing Assets/Dark UI/Free/128 Light 2.png using Guid(4c5a0d6878b96be4f9f82216b59eca51) Importer(815301076,1909f56bfc062723c751e8b465ee728b) [PhysX] Initialized MultithreadedTaskDispatcher with 4 workers.
[PhysX] Initialized MultithreadedTaskDispatcher with 4 workers.
 -> (artifact id: 'd66c25b9c4e375e7b14b3a30d494cf5d') in 0.097447 seconds
Number of updated asset objects reloaded before import = 0
Number of asset objects unloaded after import = 3
========================================================================
Received Import Request.
  Time since last request: 0.000040 seconds.
  path: Assets/Dark UI/Free/Button_Medium_A.png
  artifactKey: Guid(f9fa9ebfa2606f840a23f0bb0ac882af) Importer(815301076,1909f56bfc062723c751e8b465ee728b)
Start importing Assets/Dark UI/Free/Button_Medium_A.png using Guid(f9fa9ebfa2606f840a23f0bb0ac882af) Importer(815301076,1909f56bfc062723c751e8b465ee728b) [PhysX] Initialized MultithreadedTaskDispatcher with 4 workers.
[PhysX] Initialized MultithreadedTaskDispatcher with 4 workers.
 -> (artifact id: '0dbd2030bb2536137f645579616a3b10') in 0.134621 seconds
Number of updated asset objects reloaded before import = 0
Number of asset objects unloaded after import = 3
========================================================================
Received Import Request.
  Time since last request: 0.000596 seconds.
  path: Assets/Dark UI/Free/Bell.png
  artifactKey: Guid(f004d321f2825c44d929e3d0f5844b8c) Importer(815301076,1909f56bfc062723c751e8b465ee728b)
Start importing Assets/Dark UI/Free/Bell.png using Guid(f004d321f2825c44d929e3d0f5844b8c) Importer(815301076,1909f56bfc062723c751e8b465ee728b) [PhysX] Initialized MultithreadedTaskDispatcher with 4 workers.
[PhysX] Initialized MultithreadedTaskDispatcher with 4 workers.
 -> (artifact id: '18fde9b3e3a866e3a33f753bbf2f2de7') in 0.070767 seconds
Number of updated asset objects reloaded before import = 0
Number of asset objects unloaded after import = 3
========================================================================
Received Import Request.
  Time since last request: 0.000033 seconds.
  path: Assets/Dark UI/Free/Button_Large_A.png
  artifactKey: Guid(fee7cb0981897184ca8e254670a1d84f) Importer(815301076,1909f56bfc062723c751e8b465ee728b)
Start importing Assets/Dark UI/Free/Button_Large_A.png using Guid(fee7cb0981897184ca8e254670a1d84f) Importer(815301076,1909f56bfc062723c751e8b465ee728b) [PhysX] Initialized MultithreadedTaskDispatcher with 4 workers.
[PhysX] Initialized MultithreadedTaskDispatcher with 4 workers.
 -> (artifact id: '2b23edb8f2665b106ab1c93fa3c37ccb') in 0.041299 seconds
Number of updated asset objects reloaded before import = 0
Number of asset objects unloaded after import = 3
========================================================================
Received Import Request.
  Time since last request: 0.000039 seconds.
  path: Assets/Dark UI/Free/128 Light.png
  artifactKey: Guid(240ae01ad665c6d4798249cbec763ce8) Importer(815301076,1909f56bfc062723c751e8b465ee728b)
Start importing Assets/Dark UI/Free/128 Light.png using Guid(240ae01ad665c6d4798249cbec763ce8) Importer(815301076,1909f56bfc062723c751e8b465ee728b) [PhysX] Initialized MultithreadedTaskDispatcher with 4 workers.
[PhysX] Initialized MultithreadedTaskDispatcher with 4 workers.
 -> (artifact id: '6135b3cba37f94fadf6348f05d4af811') in 0.065796 seconds
Number of updated asset objects reloaded before import = 0
Number of asset objects unloaded after import = 3
========================================================================
Received Import Request.
  Time since last request: 0.000030 seconds.
  path: Assets/Dark UI/Free/128.png
  artifactKey: Guid(87ea2079a91b3e74f84b5cb700abb4d6) Importer(815301076,1909f56bfc062723c751e8b465ee728b)
Start importing Assets/Dark UI/Free/128.png using Guid(87ea2079a91b3e74f84b5cb700abb4d6) Importer(815301076,1909f56bfc062723c751e8b465ee728b) [PhysX] Initialized MultithreadedTaskDispatcher with 4 workers.
[PhysX] Initialized MultithreadedTaskDispatcher with 4 workers.
 -> (artifact id: '182c4158601fe9c02735ad355fc9bab7') in 0.127890 seconds
Number of updated asset objects reloaded before import = 0
Number of asset objects unloaded after import = 3
========================================================================
Received Import Request.
  Time since last request: 0.000049 seconds.
  path: Assets/Dark UI/Free/Add Icon.png
  artifactKey: Guid(25534d7e0c9de5646aee54d576a28388) Importer(815301076,1909f56bfc062723c751e8b465ee728b)
Start importing Assets/Dark UI/Free/Add Icon.png using Guid(25534d7e0c9de5646aee54d576a28388) Importer(815301076,1909f56bfc062723c751e8b465ee728b) [PhysX] Initialized MultithreadedTaskDispatcher with 4 workers.
[PhysX] Initialized MultithreadedTaskDispatcher with 4 workers.
 -> (artifact id: '453d8ceff2eaa4add5edd4a672fd111e') in 0.083858 seconds
Number of updated asset objects reloaded before import = 0
Number of asset objects unloaded after import = 3
========================================================================
Received Import Request.
  Time since last request: 0.000022 seconds.
  path: Assets/Dark UI/Free/BTN_Line_4PX_Medium.png
  artifactKey: Guid(b631b747eaea1bb40a188fdced546dd2) Importer(815301076,1909f56bfc062723c751e8b465ee728b)
Start importing Assets/Dark UI/Free/BTN_Line_4PX_Medium.png using Guid(b631b747eaea1bb40a188fdced546dd2) Importer(815301076,1909f56bfc062723c751e8b465ee728b) [PhysX] Initialized MultithreadedTaskDispatcher with 4 workers.
[PhysX] Initialized MultithreadedTaskDispatcher with 4 workers.
 -> (artifact id: 'b16d68ae178ea3071a696333676f0c0e') in 0.082798 seconds
Number of updated asset objects reloaded before import = 0
Number of asset objects unloaded after import = 3
========================================================================
Received Import Request.
  Time since last request: 0.000474 seconds.
  path: Assets/Dark UI/Free/BTN_A3.png
  artifactKey: Guid(864f00a7055893d45b093ac179e35237) Importer(815301076,1909f56bfc062723c751e8b465ee728b)
Start importing Assets/Dark UI/Free/BTN_A3.png using Guid(864f00a7055893d45b093ac179e35237) Importer(815301076,1909f56bfc062723c751e8b465ee728b) [PhysX] Initialized MultithreadedTaskDispatcher with 4 workers.
[PhysX] Initialized MultithreadedTaskDispatcher with 4 workers.
 -> (artifact id: '1ecffa52bc0f8713fb0b77e035f41ca9') in 0.064265 seconds
Number of updated asset objects reloaded before import = 0
Number of asset objects unloaded after import = 3
========================================================================
Received Import Request.
  Time since last request: 0.000033 seconds.
  path: Assets/Dark UI/Free/B.png
  artifactKey: Guid(0800cc9d4da0323489f4d25c65194aa5) Importer(815301076,1909f56bfc062723c751e8b465ee728b)
Start importing Assets/Dark UI/Free/B.png using Guid(0800cc9d4da0323489f4d25c65194aa5) Importer(815301076,1909f56bfc062723c751e8b465ee728b) [PhysX] Initialized MultithreadedTaskDispatcher with 4 workers.
[PhysX] Initialized MultithreadedTaskDispatcher with 4 workers.
 -> (artifact id: '347a14bbc6967416521d849f75d611f1') in 0.087230 seconds
Number of updated asset objects reloaded before import = 0
Number of asset objects unloaded after import = 3
========================================================================
Received Import Request.
  Time since last request: 0.000044 seconds.
  path: Assets/Dark UI/Free/BTN_Line_4PX_Large.png
  artifactKey: Guid(c5c79f69909c16942b803f137f3ca0eb) Importer(815301076,1909f56bfc062723c751e8b465ee728b)
Start importing Assets/Dark UI/Free/BTN_Line_4PX_Large.png using Guid(c5c79f69909c16942b803f137f3ca0eb) Importer(815301076,1909f56bfc062723c751e8b465ee728b) [PhysX] Initialized MultithreadedTaskDispatcher with 4 workers.
[PhysX] Initialized MultithreadedTaskDispatcher with 4 workers.
 -> (artifact id: 'fed8bc761a09ea075f420cd9104f1dcf') in 0.065755 seconds
Number of updated asset objects reloaded before import = 0
Number of asset objects unloaded after import = 3
========================================================================
Received Import Request.
  Time since last request: 0.000031 seconds.
  path: Assets/Dark UI/Free/BTN_A1.png
  artifactKey: Guid(604d5ed6f532a5146bf48201437881ee) Importer(815301076,1909f56bfc062723c751e8b465ee728b)
Start importing Assets/Dark UI/Free/BTN_A1.png using Guid(604d5ed6f532a5146bf48201437881ee) Importer(815301076,1909f56bfc062723c751e8b465ee728b) [PhysX] Initialized MultithreadedTaskDispatcher with 4 workers.
[PhysX] Initialized MultithreadedTaskDispatcher with 4 workers.
 -> (artifact id: 'e464acff41e28dc84229a49a3da7b133') in 0.061721 seconds
Number of updated asset objects reloaded before import = 0
Number of asset objects unloaded after import = 3
========================================================================
Received Import Request.
  Time since last request: 0.000020 seconds.
  path: Assets/Dark UI/Free/BTN_Line_4PX_Small.png
  artifactKey: Guid(a2d6a7e9df0789d4eaf8dbbac47eb1f6) Importer(815301076,1909f56bfc062723c751e8b465ee728b)
Start importing Assets/Dark UI/Free/BTN_Line_4PX_Small.png using Guid(a2d6a7e9df0789d4eaf8dbbac47eb1f6) Importer(815301076,1909f56bfc062723c751e8b465ee728b) [PhysX] Initialized MultithreadedTaskDispatcher with 4 workers.
[PhysX] Initialized MultithreadedTaskDispatcher with 4 workers.
 -> (artifact id: 'dfa8911aef8044384e232bc9038f3c39') in 0.083793 seconds
Number of updated asset objects reloaded before import = 0
Number of asset objects unloaded after import = 3
========================================================================
Received Import Request.
  Time since last request: 0.000053 seconds.
  path: Assets/Dark UI/Free/A.png
  artifactKey: Guid(0f9aff9d1d5411d419a50a1f33efcf25) Importer(815301076,1909f56bfc062723c751e8b465ee728b)
Start importing Assets/Dark UI/Free/A.png using Guid(0f9aff9d1d5411d419a50a1f33efcf25) Importer(815301076,1909f56bfc062723c751e8b465ee728b) [PhysX] Initialized MultithreadedTaskDispatcher with 4 workers.
[PhysX] Initialized MultithreadedTaskDispatcher with 4 workers.
 -> (artifact id: 'dad06050d2ac0854b3c3ac5fb7bb3649') in 0.044050 seconds
Number of updated asset objects reloaded before import = 0
Number of asset objects unloaded after import = 3
========================================================================
Received Import Request.
  Time since last request: 0.264011 seconds.
  path: Assets/Dark UI/Free/Button_Small_A.png
  artifactKey: Guid(5ed7b78422faa044695989e1108c5d63) Importer(815301076,1909f56bfc062723c751e8b465ee728b)
Start importing Assets/Dark UI/Free/Button_Small_A.png using Guid(5ed7b78422faa044695989e1108c5d63) Importer(815301076,1909f56bfc062723c751e8b465ee728b) [PhysX] Initialized MultithreadedTaskDispatcher with 4 workers.
[PhysX] Initialized MultithreadedTaskDispatcher with 4 workers.
 -> (artifact id: '4352975aad4559691368c827caa143b0') in 0.105911 seconds
Number of updated asset objects reloaded before import = 0
Number of asset objects unloaded after import = 3
========================================================================
Received Import Request.
  Time since last request: 0.000052 seconds.
  path: Assets/Dark UI/Free/ButtonMediumRound.png
  artifactKey: Guid(9c3fb1e6eb7fc9745b3bba559360321f) Importer(815301076,1909f56bfc062723c751e8b465ee728b)
Start importing Assets/Dark UI/Free/ButtonMediumRound.png using Guid(9c3fb1e6eb7fc9745b3bba559360321f) Importer(815301076,1909f56bfc062723c751e8b465ee728b) [PhysX] Initialized MultithreadedTaskDispatcher with 4 workers.
[PhysX] Initialized MultithreadedTaskDispatcher with 4 workers.
 -> (artifact id: '160e9fc1fc5d2c6b0b5b0da7da1ce5db') in 0.061166 seconds
Number of updated asset objects reloaded before import = 0
Number of asset objects unloaded after import = 3
========================================================================
Received Import Request.
  Time since last request: 0.000076 seconds.
  path: Assets/Dark UI/Free/CIRCLE2PXLAR.png
  artifactKey: Guid(a05d49e5687fd3c4380912ac00e2db9c) Importer(815301076,1909f56bfc062723c751e8b465ee728b)
Start importing Assets/Dark UI/Free/CIRCLE2PXLAR.png using Guid(a05d49e5687fd3c4380912ac00e2db9c) Importer(815301076,1909f56bfc062723c751e8b465ee728b) [PhysX] Initialized MultithreadedTaskDispatcher with 4 workers.
[PhysX] Initialized MultithreadedTaskDispatcher with 4 workers.
 -> (artifact id: 'a35a5d427dd16bf35ccbfe36cad3cab2') in 0.085446 seconds
Number of updated asset objects reloaded before import = 0
Number of asset objects unloaded after import = 3
========================================================================
Received Import Request.
  Time since last request: 0.000040 seconds.
  path: Assets/Dark UI/Free/CIRCLE4PXMED.png
  artifactKey: Guid(ec6eebcb88fa2314796ef9605c6a43e7) Importer(815301076,1909f56bfc062723c751e8b465ee728b)
Start importing Assets/Dark UI/Free/CIRCLE4PXMED.png using Guid(ec6eebcb88fa2314796ef9605c6a43e7) Importer(815301076,1909f56bfc062723c751e8b465ee728b) [PhysX] Initialized MultithreadedTaskDispatcher with 4 workers.
[PhysX] Initialized MultithreadedTaskDispatcher with 4 workers.
 -> (artifact id: '61aab2f734748b7de8e54cd9aa0409aa') in 0.093763 seconds
Number of updated asset objects reloaded before import = 0
Number of asset objects unloaded after import = 3
========================================================================
Received Import Request.
  Time since last request: 0.000071 seconds.
  path: Assets/Dark UI/Free/CIRCLE2PXSMALL.png
  artifactKey: Guid(9e64140fa412af443b31a21fedffc096) Importer(815301076,1909f56bfc062723c751e8b465ee728b)
Start importing Assets/Dark UI/Free/CIRCLE2PXSMALL.png using Guid(9e64140fa412af443b31a21fedffc096) Importer(815301076,1909f56bfc062723c751e8b465ee728b) [PhysX] Initialized MultithreadedTaskDispatcher with 4 workers.
[PhysX] Initialized MultithreadedTaskDispatcher with 4 workers.
 -> (artifact id: '4f3f7c24f7a26e5c8fd381fda15635d8') in 0.122052 seconds
Number of updated asset objects reloaded before import = 0
Number of asset objects unloaded after import = 3
========================================================================
Received Import Request.
  Time since last request: 0.000052 seconds.
  path: Assets/Dark UI/Free/Divider.png
  artifactKey: Guid(3e33bda025a5e1d4eae51ae3933d9954) Importer(815301076,1909f56bfc062723c751e8b465ee728b)
Start importing Assets/Dark UI/Free/Divider.png using Guid(3e33bda025a5e1d4eae51ae3933d9954) Importer(815301076,1909f56bfc062723c751e8b465ee728b) [PhysX] Initialized MultithreadedTaskDispatcher with 4 workers.
[PhysX] Initialized MultithreadedTaskDispatcher with 4 workers.
 -> (artifact id: '11a338a4da3238606894e9336ac9ab8d') in 0.185638 seconds
Number of updated asset objects reloaded before import = 0
Number of asset objects unloaded after import = 3
========================================================================
Received Import Request.
  Time since last request: 0.000060 seconds.
  path: Assets/Dark UI/Free/F.png
  artifactKey: Guid(0fe7093e9bd11cb43b64578a75562ba3) Importer(815301076,1909f56bfc062723c751e8b465ee728b)
Start importing Assets/Dark UI/Free/F.png using Guid(0fe7093e9bd11cb43b64578a75562ba3) Importer(815301076,1909f56bfc062723c751e8b465ee728b) [PhysX] Initialized MultithreadedTaskDispatcher with 4 workers.
[PhysX] Initialized MultithreadedTaskDispatcher with 4 workers.
 -> (artifact id: 'e133b781ffa505c9583f9cf7ce2be385') in 0.122396 seconds
Number of updated asset objects reloaded before import = 0
Number of asset objects unloaded after import = 3
========================================================================
Received Import Request.
  Time since last request: 0.000095 seconds.
  path: Assets/Dark UI/Free/Music.png
  artifactKey: Guid(f5f3ad8f35c709e4dabc990b16fd52e9) Importer(815301076,1909f56bfc062723c751e8b465ee728b)
Start importing Assets/Dark UI/Free/Music.png using Guid(f5f3ad8f35c709e4dabc990b16fd52e9) Importer(815301076,1909f56bfc062723c751e8b465ee728b) [PhysX] Initialized MultithreadedTaskDispatcher with 4 workers.
[PhysX] Initialized MultithreadedTaskDispatcher with 4 workers.
 -> (artifact id: '0bb3126b329d29d968d924b812e1c2c1') in 0.175837 seconds
Number of updated asset objects reloaded before import = 0
Number of asset objects unloaded after import = 3
========================================================================
Received Import Request.
  Time since last request: 0.000054 seconds.
  path: Assets/Dark UI/Free/Inventory.png
  artifactKey: Guid(a551bf3edbe49704a99e4114483bcdbb) Importer(815301076,1909f56bfc062723c751e8b465ee728b)
Start importing Assets/Dark UI/Free/Inventory.png using Guid(a551bf3edbe49704a99e4114483bcdbb) Importer(815301076,1909f56bfc062723c751e8b465ee728b) [PhysX] Initialized MultithreadedTaskDispatcher with 4 workers.
[PhysX] Initialized MultithreadedTaskDispatcher with 4 workers.
 -> (artifact id: '2362c9e44bc8e53235ac2f8bc853b467') in 0.062743 seconds
Number of updated asset objects reloaded before import = 0
Number of asset objects unloaded after import = 3
========================================================================
Received Import Request.
  Time since last request: 0.000070 seconds.
  path: Assets/Dark UI/Free/Star.png
  artifactKey: Guid(58077e7d7c1f69e448677d19dddcbc9c) Importer(815301076,1909f56bfc062723c751e8b465ee728b)
Start importing Assets/Dark UI/Free/Star.png using Guid(58077e7d7c1f69e448677d19dddcbc9c) Importer(815301076,1909f56bfc062723c751e8b465ee728b) [PhysX] Initialized MultithreadedTaskDispatcher with 4 workers.
[PhysX] Initialized MultithreadedTaskDispatcher with 4 workers.
 -> (artifact id: '6b869c5b92c7be355621b9a3ac961c85') in 0.134732 seconds
Number of updated asset objects reloaded before import = 0
Number of asset objects unloaded after import = 3
========================================================================
Received Import Request.
  Time since last request: 0.000030 seconds.
  path: Assets/Dark UI/Free/World.png
  artifactKey: Guid(cb0be92a1645a7c48a26aa4a8ebdb7d8) Importer(815301076,1909f56bfc062723c751e8b465ee728b)
Start importing Assets/Dark UI/Free/World.png using Guid(cb0be92a1645a7c48a26aa4a8ebdb7d8) Importer(815301076,1909f56bfc062723c751e8b465ee728b) [PhysX] Initialized MultithreadedTaskDispatcher with 4 workers.
[PhysX] Initialized MultithreadedTaskDispatcher with 4 workers.
 -> (artifact id: '747659aead26a46a54c17e2fc118e168') in 0.114822 seconds
Number of updated asset objects reloaded before import = 0
Number of asset objects unloaded after import = 3
========================================================================
Received Import Request.
  Time since last request: 0.000034 seconds.
  path: Assets/Dark UI/Free/Lock.png
  artifactKey: Guid(f9e4c141412ca6345963f9ece84aae0a) Importer(815301076,1909f56bfc062723c751e8b465ee728b)
Start importing Assets/Dark UI/Free/Lock.png using Guid(f9e4c141412ca6345963f9ece84aae0a) Importer(815301076,1909f56bfc062723c751e8b465ee728b) [PhysX] Initialized MultithreadedTaskDispatcher with 4 workers.
[PhysX] Initialized MultithreadedTaskDispatcher with 4 workers.
 -> (artifact id: '9aef1e61a0868c78d1e2b7bccee13f6f') in 0.109835 seconds
Number of updated asset objects reloaded before import = 0
Number of asset objects unloaded after import = 3
========================================================================
Received Import Request.
  Time since last request: 0.000054 seconds.
  path: Assets/Dark UI/Free/Left BTN.png
  artifactKey: Guid(2f5621ced47967649819ed28fc802c35) Importer(815301076,1909f56bfc062723c751e8b465ee728b)
Start importing Assets/Dark UI/Free/Left BTN.png using Guid(2f5621ced47967649819ed28fc802c35) Importer(815301076,1909f56bfc062723c751e8b465ee728b) [PhysX] Initialized MultithreadedTaskDispatcher with 4 workers.
[PhysX] Initialized MultithreadedTaskDispatcher with 4 workers.
 -> (artifact id: '7106a697b23067178575c3d87420a76f') in 0.065566 seconds
Number of updated asset objects reloaded before import = 0
Number of asset objects unloaded after import = 3
========================================================================
Received Import Request.
  Time since last request: 0.000040 seconds.
  path: Assets/Dark UI/Free/Right Arrow.png
  artifactKey: Guid(7cf2f46063edb3445a4b32cbd687b51c) Importer(815301076,1909f56bfc062723c751e8b465ee728b)
Start importing Assets/Dark UI/Free/Right Arrow.png using Guid(7cf2f46063edb3445a4b32cbd687b51c) Importer(815301076,1909f56bfc062723c751e8b465ee728b) [PhysX] Initialized MultithreadedTaskDispatcher with 4 workers.
[PhysX] Initialized MultithreadedTaskDispatcher with 4 workers.
 -> (artifact id: 'fa8a46b3752490656f3a079444272769') in 0.061198 seconds
Number of updated asset objects reloaded before import = 0
Number of asset objects unloaded after import = 3
========================================================================
Received Import Request.
  Time since last request: 0.000030 seconds.
  path: Assets/Dark UI/Free/Close BTN.png
  artifactKey: Guid(a11d716ada219fe4683e6147d610043e) Importer(815301076,1909f56bfc062723c751e8b465ee728b)
Start importing Assets/Dark UI/Free/Close BTN.png using Guid(a11d716ada219fe4683e6147d610043e) Importer(815301076,1909f56bfc062723c751e8b465ee728b) [PhysX] Initialized MultithreadedTaskDispatcher with 4 workers.
[PhysX] Initialized MultithreadedTaskDispatcher with 4 workers.
 -> (artifact id: 'c9aadba16484cf9ba23aca02f3673b1a') in 0.122194 seconds
Number of updated asset objects reloaded before import = 0
Number of asset objects unloaded after import = 3
========================================================================
Received Import Request.
  Time since last request: 0.000047 seconds.
  path: Assets/Dark UI/Free/Down Arrow.png
  artifactKey: Guid(4fa7a2c5ad85feb4991c2ddc865d25c7) Importer(815301076,1909f56bfc062723c751e8b465ee728b)
Start importing Assets/Dark UI/Free/Down Arrow.png using Guid(4fa7a2c5ad85feb4991c2ddc865d25c7) Importer(815301076,1909f56bfc062723c751e8b465ee728b) [PhysX] Initialized MultithreadedTaskDispatcher with 4 workers.
[PhysX] Initialized MultithreadedTaskDispatcher with 4 workers.
 -> (artifact id: 'c1310ffaa4bdb3d1de637a9f5c1a5db2') in 0.036793 seconds
Number of updated asset objects reloaded before import = 0
Number of asset objects unloaded after import = 3
========================================================================
Received Import Request.
  Time since last request: 0.000090 seconds.
  path: Assets/Dark UI/Free/E.png
  artifactKey: Guid(8199e973785f2184594e575e5967e818) Importer(815301076,1909f56bfc062723c751e8b465ee728b)
Start importing Assets/Dark UI/Free/E.png using Guid(8199e973785f2184594e575e5967e818) Importer(815301076,1909f56bfc062723c751e8b465ee728b) [PhysX] Initialized MultithreadedTaskDispatcher with 4 workers.
[PhysX] Initialized MultithreadedTaskDispatcher with 4 workers.
 -> (artifact id: 'b2c95a23c5136b97f9019c79a049f917') in 0.088288 seconds
Number of updated asset objects reloaded before import = 0
Number of asset objects unloaded after import = 3
========================================================================
Received Import Request.
  Time since last request: 0.000036 seconds.
  path: Assets/Dark UI/Free/CIRCLE4PXLAR.png
  artifactKey: Guid(1d02c027313a6514a849aa45aed65be6) Importer(815301076,1909f56bfc062723c751e8b465ee728b)
Start importing Assets/Dark UI/Free/CIRCLE4PXLAR.png using Guid(1d02c027313a6514a849aa45aed65be6) Importer(815301076,1909f56bfc062723c751e8b465ee728b) [PhysX] Initialized MultithreadedTaskDispatcher with 4 workers.
[PhysX] Initialized MultithreadedTaskDispatcher with 4 workers.
 -> (artifact id: 'd81eb5c0ca64116b38595065f5515b7d') in 0.077032 seconds
Number of updated asset objects reloaded before import = 0
Number of asset objects unloaded after import = 3
========================================================================
Received Import Request.
  Time since last request: 0.000046 seconds.
  path: Assets/Dark UI/Free/Icon Sets.png
  artifactKey: Guid(7747227fc69607f46833ce90b8776f0d) Importer(815301076,1909f56bfc062723c751e8b465ee728b)
Start importing Assets/Dark UI/Free/Icon Sets.png using Guid(7747227fc69607f46833ce90b8776f0d) Importer(815301076,1909f56bfc062723c751e8b465ee728b) [PhysX] Initialized MultithreadedTaskDispatcher with 4 workers.
[PhysX] Initialized MultithreadedTaskDispatcher with 4 workers.
 -> (artifact id: '514d8ba27a0c7eb8db8254044b5a4ddb') in 0.077543 seconds
Number of updated asset objects reloaded before import = 0
Number of asset objects unloaded after import = 3
========================================================================
Received Import Request.
  Time since last request: 0.000049 seconds.
  path: Assets/Dark UI/Free/Sound.png
  artifactKey: Guid(a0993af277162934b9f02610f6f941f2) Importer(815301076,1909f56bfc062723c751e8b465ee728b)
Start importing Assets/Dark UI/Free/Sound.png using Guid(a0993af277162934b9f02610f6f941f2) Importer(815301076,1909f56bfc062723c751e8b465ee728b) [PhysX] Initialized MultithreadedTaskDispatcher with 4 workers.
[PhysX] Initialized MultithreadedTaskDispatcher with 4 workers.
 -> (artifact id: '1eb223d81ebfbfcbfc813e67650a1560') in 0.116421 seconds
Number of updated asset objects reloaded before import = 0
Number of asset objects unloaded after import = 3
========================================================================
Received Import Request.
  Time since last request: 0.000042 seconds.
  path: Assets/Dark UI/Free/Info.png
  artifactKey: Guid(c0d66557e6e886446b2af17220906a63) Importer(815301076,1909f56bfc062723c751e8b465ee728b)
Start importing Assets/Dark UI/Free/Info.png using Guid(c0d66557e6e886446b2af17220906a63) Importer(815301076,1909f56bfc062723c751e8b465ee728b) [PhysX] Initialized MultithreadedTaskDispatcher with 4 workers.
[PhysX] Initialized MultithreadedTaskDispatcher with 4 workers.
 -> (artifact id: '6303e0399446fc5c020dcd8a596fbc86') in 0.082261 seconds
Number of updated asset objects reloaded before import = 0
Number of asset objects unloaded after import = 3
========================================================================
Received Import Request.
  Time since last request: 0.000064 seconds.
  path: Assets/Dark UI/Free/C.png
  artifactKey: Guid(fe60e9801e85e2e47a31a90354f6add9) Importer(815301076,1909f56bfc062723c751e8b465ee728b)
Start importing Assets/Dark UI/Free/C.png using Guid(fe60e9801e85e2e47a31a90354f6add9) Importer(815301076,1909f56bfc062723c751e8b465ee728b) [PhysX] Initialized MultithreadedTaskDispatcher with 4 workers.
[PhysX] Initialized MultithreadedTaskDispatcher with 4 workers.
 -> (artifact id: 'd1ff48dac4e8cd2478781a71325954d8') in 0.069997 seconds
Number of updated asset objects reloaded before import = 0
Number of asset objects unloaded after import = 3
========================================================================
Received Import Request.
  Time since last request: 0.000058 seconds.
  path: Assets/Dark UI/Free/Gem.png
  artifactKey: Guid(4aa4dc909b586c14198e6883472062be) Importer(815301076,1909f56bfc062723c751e8b465ee728b)
Start importing Assets/Dark UI/Free/Gem.png using Guid(4aa4dc909b586c14198e6883472062be) Importer(815301076,1909f56bfc062723c751e8b465ee728b) [PhysX] Initialized MultithreadedTaskDispatcher with 4 workers.
[PhysX] Initialized MultithreadedTaskDispatcher with 4 workers.
 -> (artifact id: '41172dbed861139e6bce0fa99f2a5103') in 0.071374 seconds
Number of updated asset objects reloaded before import = 0
Number of asset objects unloaded after import = 3
========================================================================
Received Import Request.
  Time since last request: 0.000036 seconds.
  path: Assets/Dark UI/Free/ButtonLargeRound.png
  artifactKey: Guid(ac9e02ea18781ab459dd5feca42c0db1) Importer(815301076,1909f56bfc062723c751e8b465ee728b)
Start importing Assets/Dark UI/Free/ButtonLargeRound.png using Guid(ac9e02ea18781ab459dd5feca42c0db1) Importer(815301076,1909f56bfc062723c751e8b465ee728b) [PhysX] Initialized MultithreadedTaskDispatcher with 4 workers.
[PhysX] Initialized MultithreadedTaskDispatcher with 4 workers.
 -> (artifact id: '632392f8817cadbcbb9db6a9ab59926a') in 0.069715 seconds
Number of updated asset objects reloaded before import = 0
Number of asset objects unloaded after import = 3
========================================================================
Received Import Request.
  Time since last request: 0.000030 seconds.
  path: Assets/Dark UI/Free/X.png
  artifactKey: Guid(af19b810ad81d8741ba1583f72a9d93c) Importer(815301076,1909f56bfc062723c751e8b465ee728b)
Start importing Assets/Dark UI/Free/X.png using Guid(af19b810ad81d8741ba1583f72a9d93c) Importer(815301076,1909f56bfc062723c751e8b465ee728b) [PhysX] Initialized MultithreadedTaskDispatcher with 4 workers.
[PhysX] Initialized MultithreadedTaskDispatcher with 4 workers.
 -> (artifact id: '7bcbb78dd46bbbd49b9b6f3e0fb8327f') in 0.099435 seconds
Number of updated asset objects reloaded before import = 0
Number of asset objects unloaded after import = 3
========================================================================
Received Import Request.
  Time since last request: 0.000071 seconds.
  path: Assets/Dark UI/Free/Facebook 2.png
  artifactKey: Guid(741fdffd863c9784990792a90548e1f2) Importer(815301076,1909f56bfc062723c751e8b465ee728b)
Start importing Assets/Dark UI/Free/Facebook 2.png using Guid(741fdffd863c9784990792a90548e1f2) Importer(815301076,1909f56bfc062723c751e8b465ee728b) [PhysX] Initialized MultithreadedTaskDispatcher with 4 workers.
[PhysX] Initialized MultithreadedTaskDispatcher with 4 workers.
 -> (artifact id: '1a9a0b21d48929f91cb0c80cf5c44467') in 0.060902 seconds
Number of updated asset objects reloaded before import = 0
Number of asset objects unloaded after import = 3
========================================================================
Received Import Request.
  Time since last request: 0.000063 seconds.
  path: Assets/Dark UI/Free/Up BTN.png
  artifactKey: Guid(156c51bba7cc9d24496e86f11d08bbaf) Importer(815301076,1909f56bfc062723c751e8b465ee728b)
Start importing Assets/Dark UI/Free/Up BTN.png using Guid(156c51bba7cc9d24496e86f11d08bbaf) Importer(815301076,1909f56bfc062723c751e8b465ee728b) [PhysX] Initialized MultithreadedTaskDispatcher with 4 workers.
[PhysX] Initialized MultithreadedTaskDispatcher with 4 workers.
 -> (artifact id: '22bc6cf92382a4307fcf2da297d616dd') in 0.036980 seconds
Number of updated asset objects reloaded before import = 0
Number of asset objects unloaded after import = 3
========================================================================
Received Import Request.
  Time since last request: 0.000049 seconds.
  path: Assets/Dark UI/Free/Right BTN.png
  artifactKey: Guid(9dbc314d5e9a24d459a014d90696eb18) Importer(815301076,1909f56bfc062723c751e8b465ee728b)
Start importing Assets/Dark UI/Free/Right BTN.png using Guid(9dbc314d5e9a24d459a014d90696eb18) Importer(815301076,1909f56bfc062723c751e8b465ee728b) [PhysX] Initialized MultithreadedTaskDispatcher with 4 workers.
[PhysX] Initialized MultithreadedTaskDispatcher with 4 workers.
 -> (artifact id: 'b4dd553167b10a2f310253f96e211e44') in 0.073266 seconds
Number of updated asset objects reloaded before import = 0
Number of asset objects unloaded after import = 3
========================================================================
Received Import Request.
  Time since last request: 0.000044 seconds.
  path: Assets/Dark UI/Free/Facebook.png
  artifactKey: Guid(b12df616c3582fd4faba65f7fac51968) Importer(815301076,1909f56bfc062723c751e8b465ee728b)
Start importing Assets/Dark UI/Free/Facebook.png using Guid(b12df616c3582fd4faba65f7fac51968) Importer(815301076,1909f56bfc062723c751e8b465ee728b) [PhysX] Initialized MultithreadedTaskDispatcher with 4 workers.
[PhysX] Initialized MultithreadedTaskDispatcher with 4 workers.
 -> (artifact id: 'f73ab9ee74812a1e3a6ad56fc8cd4470') in 0.182175 seconds
Number of updated asset objects reloaded before import = 0
Number of asset objects unloaded after import = 3
========================================================================
Received Import Request.
  Time since last request: 0.000071 seconds.
  path: Assets/Dark UI/Free/CIRCLE2PXMED.png
  artifactKey: Guid(67d26aedff211d940a0a479f8a01fdc2) Importer(815301076,1909f56bfc062723c751e8b465ee728b)
Start importing Assets/Dark UI/Free/CIRCLE2PXMED.png using Guid(67d26aedff211d940a0a479f8a01fdc2) Importer(815301076,1909f56bfc062723c751e8b465ee728b) [PhysX] Initialized MultithreadedTaskDispatcher with 4 workers.
[PhysX] Initialized MultithreadedTaskDispatcher with 4 workers.
 -> (artifact id: '01611e0ac0143d790e0302f1315a58bd') in 0.059774 seconds
Number of updated asset objects reloaded before import = 0
Number of asset objects unloaded after import = 3
========================================================================
Received Import Request.
  Time since last request: 0.000020 seconds.
  path: Assets/Dark UI/Free/D.png
  artifactKey: Guid(bfdc84f127b8607479e3fe35cd51157a) Importer(815301076,1909f56bfc062723c751e8b465ee728b)
Start importing Assets/Dark UI/Free/D.png using Guid(bfdc84f127b8607479e3fe35cd51157a) Importer(815301076,1909f56bfc062723c751e8b465ee728b) [PhysX] Initialized MultithreadedTaskDispatcher with 4 workers.
[PhysX] Initialized MultithreadedTaskDispatcher with 4 workers.
 -> (artifact id: '27aa98ab1d42d379351d2a06d7567a9f') in 0.099981 seconds
Number of updated asset objects reloaded before import = 0
Number of asset objects unloaded after import = 3
========================================================================
Received Import Request.
  Time since last request: 0.000062 seconds.
  path: Assets/Dark UI/Free/Settings.png
  artifactKey: Guid(751a7b6d15a328547a14075f8adb0bb0) Importer(815301076,1909f56bfc062723c751e8b465ee728b)
Start importing Assets/Dark UI/Free/Settings.png using Guid(751a7b6d15a328547a14075f8adb0bb0) Importer(815301076,1909f56bfc062723c751e8b465ee728b) [PhysX] Initialized MultithreadedTaskDispatcher with 4 workers.
[PhysX] Initialized MultithreadedTaskDispatcher with 4 workers.
 -> (artifact id: '00e0e29805379e9d5b083dbc10caf773') in 0.124962 seconds
Number of updated asset objects reloaded before import = 0
Number of asset objects unloaded after import = 3
========================================================================
Received Import Request.
  Time since last request: 0.000049 seconds.
  path: Assets/Dark UI/Free/ButtonSmallRound.png
  artifactKey: Guid(04c64e19d8f8f0140837c8a6b21c358d) Importer(815301076,1909f56bfc062723c751e8b465ee728b)
Start importing Assets/Dark UI/Free/ButtonSmallRound.png using Guid(04c64e19d8f8f0140837c8a6b21c358d) Importer(815301076,1909f56bfc062723c751e8b465ee728b) [PhysX] Initialized MultithreadedTaskDispatcher with 4 workers.
[PhysX] Initialized MultithreadedTaskDispatcher with 4 workers.
 -> (artifact id: 'f2390788a8179136f3a9d83c0d38fb3f') in 0.111572 seconds
Number of updated asset objects reloaded before import = 0
Number of asset objects unloaded after import = 3
========================================================================
Received Import Request.
  Time since last request: 0.000071 seconds.
  path: Assets/Dark UI/Free/Shop.png
  artifactKey: Guid(18faf426d460ece49970252ef5e8a56d) Importer(815301076,1909f56bfc062723c751e8b465ee728b)
Start importing Assets/Dark UI/Free/Shop.png using Guid(18faf426d460ece49970252ef5e8a56d) Importer(815301076,1909f56bfc062723c751e8b465ee728b) [PhysX] Initialized MultithreadedTaskDispatcher with 4 workers.
[PhysX] Initialized MultithreadedTaskDispatcher with 4 workers.
 -> (artifact id: 'f4c01cb0b957ceefd89b7765b69d2691') in 0.128383 seconds
Number of updated asset objects reloaded before import = 0
Number of asset objects unloaded after import = 3
========================================================================
Received Import Request.
  Time since last request: 0.000039 seconds.
  path: Assets/Dark UI/Free/Messages.png
  artifactKey: Guid(dd8c6245ee19b2345ba3c0ce722a32c0) Importer(815301076,1909f56bfc062723c751e8b465ee728b)
Start importing Assets/Dark UI/Free/Messages.png using Guid(dd8c6245ee19b2345ba3c0ce722a32c0) Importer(815301076,1909f56bfc062723c751e8b465ee728b) [PhysX] Initialized MultithreadedTaskDispatcher with 4 workers.
[PhysX] Initialized MultithreadedTaskDispatcher with 4 workers.
 -> (artifact id: 'd0a08c55ad60d475e3eb216a3b0558ec') in 0.061533 seconds
Number of updated asset objects reloaded before import = 0
Number of asset objects unloaded after import = 3
========================================================================
Received Import Request.
  Time since last request: 0.000078 seconds.
  path: Assets/Dark UI/Free/Coin.png
  artifactKey: Guid(2e43f0691f0d7404eae8d01381da65a0) Importer(815301076,1909f56bfc062723c751e8b465ee728b)
Start importing Assets/Dark UI/Free/Coin.png using Guid(2e43f0691f0d7404eae8d01381da65a0) Importer(815301076,1909f56bfc062723c751e8b465ee728b) [PhysX] Initialized MultithreadedTaskDispatcher with 4 workers.
[PhysX] Initialized MultithreadedTaskDispatcher with 4 workers.
 -> (artifact id: '4f2e7f395eb8634fe24358d78e818406') in 0.054975 seconds
Number of updated asset objects reloaded before import = 0
Number of asset objects unloaded after import = 3
========================================================================
Received Import Request.
  Time since last request: 0.000044 seconds.
  path: Assets/Dark UI/Free/Missions.png
  artifactKey: Guid(b52130bb79a23344aa8c335cecb91eb0) Importer(815301076,1909f56bfc062723c751e8b465ee728b)
Start importing Assets/Dark UI/Free/Missions.png using Guid(b52130bb79a23344aa8c335cecb91eb0) Importer(815301076,1909f56bfc062723c751e8b465ee728b) [PhysX] Initialized MultithreadedTaskDispatcher with 4 workers.
[PhysX] Initialized MultithreadedTaskDispatcher with 4 workers.
 -> (artifact id: '7ce5ef65f55d9218480faf0220a4be29') in 0.067527 seconds
Number of updated asset objects reloaded before import = 0
Number of asset objects unloaded after import = 3
========================================================================
Received Import Request.
  Time since last request: 0.000054 seconds.
  path: Assets/Dark UI/Free/Ranks.png
  artifactKey: Guid(e8433df827a81cb48bac4ebc18d1e25e) Importer(815301076,1909f56bfc062723c751e8b465ee728b)
Start importing Assets/Dark UI/Free/Ranks.png using Guid(e8433df827a81cb48bac4ebc18d1e25e) Importer(815301076,1909f56bfc062723c751e8b465ee728b) [PhysX] Initialized MultithreadedTaskDispatcher with 4 workers.
[PhysX] Initialized MultithreadedTaskDispatcher with 4 workers.
 -> (artifact id: '0ad0b7901ed2425d6970e8ff2bbb1d03') in 0.162728 seconds
Number of updated asset objects reloaded before import = 0
Number of asset objects unloaded after import = 3
========================================================================
Received Import Request.
  Time since last request: 0.000053 seconds.
  path: Assets/Dark UI/Free/Left Arrow.png
  artifactKey: Guid(210e6a7b28c57aa4e9408866e861895c) Importer(815301076,1909f56bfc062723c751e8b465ee728b)
Start importing Assets/Dark UI/Free/Left Arrow.png using Guid(210e6a7b28c57aa4e9408866e861895c) Importer(815301076,1909f56bfc062723c751e8b465ee728b) [PhysX] Initialized MultithreadedTaskDispatcher with 4 workers.
[PhysX] Initialized MultithreadedTaskDispatcher with 4 workers.
 -> (artifact id: 'f1abfed65a2df3450b67aa2f1f28dfe3') in 0.066941 seconds
Number of updated asset objects reloaded before import = 0
Number of asset objects unloaded after import = 3
========================================================================
Received Import Request.
  Time since last request: 0.000056 seconds.
  path: Assets/Dark UI/Free/Heart.png
  artifactKey: Guid(cfad8ef0b5f68ac46bd02b3156b377a4) Importer(815301076,1909f56bfc062723c751e8b465ee728b)
Start importing Assets/Dark UI/Free/Heart.png using Guid(cfad8ef0b5f68ac46bd02b3156b377a4) Importer(815301076,1909f56bfc062723c751e8b465ee728b) [PhysX] Initialized MultithreadedTaskDispatcher with 4 workers.
[PhysX] Initialized MultithreadedTaskDispatcher with 4 workers.
 -> (artifact id: '40156a1f6c66d6dba32b17a7e779d918') in 0.067098 seconds
Number of updated asset objects reloaded before import = 0
Number of asset objects unloaded after import = 3
========================================================================
Received Import Request.
  Time since last request: 0.000061 seconds.
  path: Assets/Dark UI/Free/InputField.png
  artifactKey: Guid(6cbf273c77eba1a448f3c04ff4292030) Importer(815301076,1909f56bfc062723c751e8b465ee728b)
Start importing Assets/Dark UI/Free/InputField.png using Guid(6cbf273c77eba1a448f3c04ff4292030) Importer(815301076,1909f56bfc062723c751e8b465ee728b) [PhysX] Initialized MultithreadedTaskDispatcher with 4 workers.
[PhysX] Initialized MultithreadedTaskDispatcher with 4 workers.
 -> (artifact id: '132a0bc2135f2036cb9328d8d1c3ffdd') in 0.053390 seconds
Number of updated asset objects reloaded before import = 0
Number of asset objects unloaded after import = 3
========================================================================
Received Import Request.
  Time since last request: 0.000054 seconds.
  path: Assets/Dark UI/Free/Down BTN.png
  artifactKey: Guid(adfae103208dcfb479b198bfb03f095e) Importer(815301076,1909f56bfc062723c751e8b465ee728b)
Start importing Assets/Dark UI/Free/Down BTN.png using Guid(adfae103208dcfb479b198bfb03f095e) Importer(815301076,1909f56bfc062723c751e8b465ee728b) [PhysX] Initialized MultithreadedTaskDispatcher with 4 workers.
[PhysX] Initialized MultithreadedTaskDispatcher with 4 workers.
 -> (artifact id: 'cf96e9924ecec24fa69d089353a39806') in 0.066767 seconds
Number of updated asset objects reloaded before import = 0
Number of asset objects unloaded after import = 3
========================================================================
Received Import Request.
  Time since last request: 0.000152 seconds.
  path: Assets/Dark UI/Free/CIRCLE4PXSMA.png
  artifactKey: Guid(572955b2fc805584aaa343215e806606) Importer(815301076,1909f56bfc062723c751e8b465ee728b)
Start importing Assets/Dark UI/Free/CIRCLE4PXSMA.png using Guid(572955b2fc805584aaa343215e806606) Importer(815301076,1909f56bfc062723c751e8b465ee728b) [PhysX] Initialized MultithreadedTaskDispatcher with 4 workers.
[PhysX] Initialized MultithreadedTaskDispatcher with 4 workers.
 -> (artifact id: 'fabc9d244e8fd31e8a86bff693e79a2c') in 0.047165 seconds
Number of updated asset objects reloaded before import = 0
Number of asset objects unloaded after import = 3
========================================================================
Received Import Request.
  Time since last request: 0.000065 seconds.
  path: Assets/Dark UI/Free/Up Arrow.png
  artifactKey: Guid(bdfcd00e719df654886a535178587f29) Importer(815301076,1909f56bfc062723c751e8b465ee728b)
Start importing Assets/Dark UI/Free/Up Arrow.png using Guid(bdfcd00e719df654886a535178587f29) Importer(815301076,1909f56bfc062723c751e8b465ee728b) [PhysX] Initialized MultithreadedTaskDispatcher with 4 workers.
[PhysX] Initialized MultithreadedTaskDispatcher with 4 workers.
 -> (artifact id: '786bf9fea32aa41f6ad04071d638486b') in 0.036354 seconds
Number of updated asset objects reloaded before import = 0
Number of asset objects unloaded after import = 3
========================================================================
Received Import Request.
  Time since last request: 61.062457 seconds.
  path: Assets/UI/blood-splatter-png-44474.png
  artifactKey: Guid(f965bf7ed6d2205499462cff5607dc8f) Importer(815301076,1909f56bfc062723c751e8b465ee728b)
Start importing Assets/UI/blood-splatter-png-44474.png using Guid(f965bf7ed6d2205499462cff5607dc8f) Importer(815301076,1909f56bfc062723c751e8b465ee728b) [PhysX] Initialized MultithreadedTaskDispatcher with 4 workers.
[PhysX] Initialized MultithreadedTaskDispatcher with 4 workers.
 -> (artifact id: '2513d4e2dc667bf99f1bd5688996d915') in 0.108113 seconds
Number of updated asset objects reloaded before import = 0
Number of asset objects unloaded after import = 3
========================================================================
Received Import Request.
  Time since last request: 118.444626 seconds.
  path: Assets/UI/blood
  artifactKey: Guid(5843f9340328e8f4cbe00ed65fe2ca46) Importer(815301076,1909f56bfc062723c751e8b465ee728b)
Start importing Assets/UI/blood using Guid(5843f9340328e8f4cbe00ed65fe2ca46) Importer(815301076,1909f56bfc062723c751e8b465ee728b) [PhysX] Initialized MultithreadedTaskDispatcher with 4 workers.
 -> (artifact id: 'f15fb8befeedad1d8bd37c457341b9a9') in 0.001744 seconds
Number of updated asset objects reloaded before import = 0
Number of asset objects unloaded after import = 0
========================================================================
Received Import Request.
  Time since last request: 17.610555 seconds.
  path: Assets/UI/blood-splatter-png-44474.png
  artifactKey: Guid(04b0a1fa800867b4dae5890ec072b6ac) Importer(815301076,1909f56bfc062723c751e8b465ee728b)
Start importing Assets/UI/blood-splatter-png-44474.png using Guid(04b0a1fa800867b4dae5890ec072b6ac) Importer(815301076,1909f56bfc062723c751e8b465ee728b) [PhysX] Initialized MultithreadedTaskDispatcher with 4 workers.
[PhysX] Initialized MultithreadedTaskDispatcher with 4 workers.
 -> (artifact id: '52f276b335e18a076b20a36079f0b465') in 0.083247 seconds
Number of updated asset objects reloaded before import = 0
Number of asset objects unloaded after import = 2
========================================================================
Received Import Request.
  Time since last request: 22.910929 seconds.
  path: Assets/UI/blood/blood-splatter-png-44466.png
  artifactKey: Guid(587b8c26eb4d49c4ebc37c914d81c265) Importer(815301076,1909f56bfc062723c751e8b465ee728b)
Start importing Assets/UI/blood/blood-splatter-png-44466.png using Guid(587b8c26eb4d49c4ebc37c914d81c265) Importer(815301076,1909f56bfc062723c751e8b465ee728b) [PhysX] Initialized MultithreadedTaskDispatcher with 4 workers.
[PhysX] Initialized MultithreadedTaskDispatcher with 4 workers.
 -> (artifact id: '71c694012c2c199aab1e3a6bb468bdcd') in 0.034040 seconds
Number of updated asset objects reloaded before import = 0
Number of asset objects unloaded after import = 2
========================================================================
Received Import Request.
  Time since last request: 6.191712 seconds.
  path: Assets/UI/blood/blood-splatter-png-44466.png
  artifactKey: Guid(587b8c26eb4d49c4ebc37c914d81c265) Importer(815301076,1909f56bfc062723c751e8b465ee728b)
Start importing Assets/UI/blood/blood-splatter-png-44466.png using Guid(587b8c26eb4d49c4ebc37c914d81c265) Importer(815301076,1909f56bfc062723c751e8b465ee728b) [PhysX] Initialized MultithreadedTaskDispatcher with 4 workers.
[PhysX] Initialized MultithreadedTaskDispatcher with 4 workers.
 -> (artifact id: '53d5c0066a6ce907717c499d7cf11932') in 0.048443 seconds
Number of updated asset objects reloaded before import = 0
Number of asset objects unloaded after import = 3
========================================================================
Received Import Request.
  Time since last request: 7.722451 seconds.
  path: Assets/UI/blood/blood-splatter-png-44466.png
  artifactKey: Guid(587b8c26eb4d49c4ebc37c914d81c265) Importer(815301076,1909f56bfc062723c751e8b465ee728b)
Start importing Assets/UI/blood/blood-splatter-png-44466.png using Guid(587b8c26eb4d49c4ebc37c914d81c265) Importer(815301076,1909f56bfc062723c751e8b465ee728b) [PhysX] Initialized MultithreadedTaskDispatcher with 4 workers.
[PhysX] Initialized MultithreadedTaskDispatcher with 4 workers.
 -> (artifact id: 'cbccf523ff4529622ff899de2d874d6a') in 0.028984 seconds
Number of updated asset objects reloaded before import = 0
Number of asset objects unloaded after import = 3
========================================================================
Received Import Request.
  Time since last request: 22.276933 seconds.
  path: Assets/Dark UI/Prefabs Panel
  artifactKey: Guid(6fb2f256455c7844a8b90772bfcfefe4) Importer(815301076,1909f56bfc062723c751e8b465ee728b)
Start importing Assets/Dark UI/Prefabs Panel using Guid(6fb2f256455c7844a8b90772bfcfefe4) Importer(815301076,1909f56bfc062723c751e8b465ee728b) [PhysX] Initialized MultithreadedTaskDispatcher with 4 workers.
 -> (artifact id: 'e9b0fd5aa413f9a911bf90ca7a0ac48a') in 0.000503 seconds
Number of updated asset objects reloaded before import = 0
Number of asset objects unloaded after import = 0
========================================================================
Received Import Request.
  Time since last request: 7.496320 seconds.
  path: Assets/Dark UI/DarkUI.unity
  artifactKey: Guid(7941847cbaa79c54c98c22699adc3dc9) Importer(815301076,1909f56bfc062723c751e8b465ee728b)
Start importing Assets/Dark UI/DarkUI.unity using Guid(7941847cbaa79c54c98c22699adc3dc9) Importer(815301076,1909f56bfc062723c751e8b465ee728b) [PhysX] Initialized MultithreadedTaskDispatcher with 4 workers.
 -> (artifact id: '2b1bf80b7271621fb767d0cb11ff3471') in 0.008300 seconds
Number of updated asset objects reloaded before import = 0
Number of asset objects unloaded after import = 0
========================================================================
Received Import Request.
  Time since last request: 5.518713 seconds.
  path: Assets/Dark UI/Prefabs Buttons/Close Button.prefab
  artifactKey: Guid(363f1e424d5e7fa40b7181fc5586a869) Importer(815301076,1909f56bfc062723c751e8b465ee728b)
Start importing Assets/Dark UI/Prefabs Buttons/Close Button.prefab using Guid(363f1e424d5e7fa40b7181fc5586a869) Importer(815301076,1909f56bfc062723c751e8b465ee728b) [PhysX] Initialized MultithreadedTaskDispatcher with 4 workers.
 -> (artifact id: 'd55faf416836c63e54ff277f73d833a1') in 0.114136 seconds
Number of updated asset objects reloaded before import = 0
Number of asset objects unloaded after import = 13
========================================================================
Received Import Request.
  Time since last request: 22.308454 seconds.
  path: Assets/Dark UI
  artifactKey: Guid(30f65b5444bf7a141b147a1c858f6899) Importer(815301076,1909f56bfc062723c751e8b465ee728b)
Start importing Assets/Dark UI using Guid(30f65b5444bf7a141b147a1c858f6899) Importer(815301076,1909f56bfc062723c751e8b465ee728b) [PhysX] Initialized MultithreadedTaskDispatcher with 4 workers.
 -> (artifact id: '940daf92e6f6ef05422a03f662de1ca0') in 0.001146 seconds
Number of updated asset objects reloaded before import = 0
Number of asset objects unloaded after import = 0
========================================================================
Received Import Request.
  Time since last request: 14.118595 seconds.
  path: Assets/Dark UI/Prefabs Buttons/Item List.prefab
  artifactKey: Guid(a07de068baebd3d4284ee0c354168d13) Importer(815301076,1909f56bfc062723c751e8b465ee728b)
Start importing Assets/Dark UI/Prefabs Buttons/Item List.prefab using Guid(a07de068baebd3d4284ee0c354168d13) Importer(815301076,1909f56bfc062723c751e8b465ee728b) [PhysX] Initialized MultithreadedTaskDispatcher with 4 workers.
 -> (artifact id: 'd24c8339b079fa6f27045ed6c1183b84') in 0.142611 seconds
Number of updated asset objects reloaded before import = 0
Number of asset objects unloaded after import = 158
========================================================================
Received Import Request.
  Time since last request: 2.041467 seconds.
  path: Assets/Dark UI/Prefabs Buttons
  artifactKey: Guid(717418137d07a0041b9d5873e637f4bc) Importer(815301076,1909f56bfc062723c751e8b465ee728b)
Start importing Assets/Dark UI/Prefabs Buttons using Guid(717418137d07a0041b9d5873e637f4bc) Importer(815301076,1909f56bfc062723c751e8b465ee728b) [PhysX] Initialized MultithreadedTaskDispatcher with 4 workers.
 -> (artifact id: 'ee52237f0f93decdcc7a4e6466b1ac36') in 0.000512 seconds
Number of updated asset objects reloaded before import = 0
Number of asset objects unloaded after import = 0
========================================================================
Received Import Request.
  Time since last request: 6.398914 seconds.
  path: Assets/UI/Settings Button.prefab
  artifactKey: Guid(c996fd272fe74104f85efe41552eb389) Importer(815301076,1909f56bfc062723c751e8b465ee728b)
Start importing Assets/UI/Settings Button.prefab using Guid(c996fd272fe74104f85efe41552eb389) Importer(815301076,1909f56bfc062723c751e8b465ee728b) [PhysX] Initialized MultithreadedTaskDispatcher with 4 workers.
 -> (artifact id: '786e51cfde61b00ca0aa17a45e362177') in 0.016043 seconds
Number of updated asset objects reloaded before import = 0
Number of asset objects unloaded after import = 8
========================================================================
Received Import Request.
  Time since last request: 7.740512 seconds.
  path: Assets/UI/Play Button.prefab
  artifactKey: Guid(d0329f7d2e9d3ff4c8a0abd462dd43da) Importer(815301076,1909f56bfc062723c751e8b465ee728b)
Start importing Assets/UI/Play Button.prefab using Guid(d0329f7d2e9d3ff4c8a0abd462dd43da) Importer(815301076,1909f56bfc062723c751e8b465ee728b) [PhysX] Initialized MultithreadedTaskDispatcher with 4 workers.
 -> (artifact id: 'a305645177d5a955ea3f514e774ae866') in 0.057963 seconds
Number of updated asset objects reloaded before import = 0
Number of asset objects unloaded after import = 12
========================================================================
Received Import Request.
  Time since last request: 114.679039 seconds.
  path: Assets/UI/buttons
  artifactKey: Guid(f45c7cf2f10da5d4bbe16b9eca5f865a) Importer(815301076,1909f56bfc062723c751e8b465ee728b)
Start importing Assets/UI/buttons using Guid(f45c7cf2f10da5d4bbe16b9eca5f865a) Importer(815301076,1909f56bfc062723c751e8b465ee728b) [PhysX] Initialized MultithreadedTaskDispatcher with 4 workers.
 -> (artifact id: '70c1ae521cdb8c48e5d458ad593d5b19') in 0.001347 seconds
Number of updated asset objects reloaded before import = 0
Number of asset objects unloaded after import = 0
========================================================================
Received Prepare
Caller must complete domain reload
Begin MonoManager ReloadAssembly
- Loaded All Assemblies, in  3.881 seconds
Native extension for WindowsStandalone target not found
[Package Manager] Server::EnsureServerProcessIsRunning -- launch failed, reason: Unity was launched with the -noUpm command-line argument
[Package Manager] UpmClient::Send -- Unable to send message (not connected to UPM process).
[Package Manager] Cannot connect to Unity Package Manager local server
Mono: successfully reloaded assembly
- Finished resetting the current domain, in 30.252 seconds
Domain Reload Profiling: 34133ms
	BeginReloadAssembly (996ms)
		ExecutionOrderSort (0ms)
		DisableScriptedObjects (53ms)
		BackupInstance (0ms)
		ReleaseScriptingObjects (1ms)
		CreateAndSetChildDomain (502ms)
	RebuildCommonClasses (46ms)
	RebuildNativeTypeToScriptingClass (11ms)
	initialDomainReloadingComplete (36ms)
	LoadAllAssembliesAndSetupDomain (2793ms)
		LoadAssemblies (2990ms)
		RebuildTransferFunctionScriptingTraits (0ms)
		AnalyzeDomain (61ms)
			TypeCache.Refresh (32ms)
				TypeCache.ScanAssembly (3ms)
			ScanForSourceGeneratedMonoScriptInfo (14ms)
			ResolveRequiredComponents (14ms)
	FinalizeReload (30252ms)
		ReleaseScriptCaches (0ms)
		RebuildScriptCaches (0ms)
		SetupLoadedEditorAssemblies (755ms)
			LogAssemblyErrors (0ms)
			InitializePlatformSupportModulesInManaged (13ms)
			SetLoadedEditorAssemblies (6ms)
			RefreshPlugins (0ms)
			BeforeProcessingInitializeOnLoad (64ms)
			ProcessInitializeOnLoadAttributes (646ms)
			ProcessInitializeOnLoadMethodAttributes (24ms)
			AfterProcessingInitializeOnLoad (2ms)
			EditorAssembliesLoaded (0ms)
		ExecutionOrderSort2 (0ms)
		AwakeInstancesAfterBackupRestoration (6ms)
Refreshing native plugins compatible for Editor in 132.04 ms, found 3 plugins.
Preloading 0 native plugins for Editor in 0.00 ms.
Unloading 3120 Unused Serialized files (Serialized files now loaded: 0)
Unloading 17 unused Assets / (30.8 KB). Loaded Objects now: 3680.
Memory consumption went from 123.3 MB to 123.3 MB.
Total: 201.115200 ms (FindLiveObjects: 20.557000 ms CreateObjectMapping: 0.172900 ms MarkObjects: 177.430800 ms  DeleteObjects: 2.950900 ms)

Prepare: number of updated asset objects reloaded= 0
AssetImportParameters requested are different than current active one (requested -> active):
  custom:container-demuxer-ogg: 62fdf1f143b41e24485cea50d1cbac27 -> 
  custom:scripting/monoscript/fileName/SpriteEditorWindow.cs: 1629bd700639d5abf7ee9c1a15128fda -> 
  custom:scripting/monoscript/fileName/SpriteRect.cs: 8da6d12a5fbd75a0eba31cfa62842428 -> 
  custom:scripting/monoscript/fileName/ISpriteEditorModule.cs: f35f8b8d39dcfd448fbbe9ea48566c2f -> 
  custom:video-codec-MediaFoundation-h265: 746d11721c4dcdbdad8f713fa42b33f4 -> 
  custom:video-decoder-ogg-theora: a1e56fd34408186e4bbccfd4996cb3dc -> 
  custom:scripting/monoscript/fileName/MenuItems.cs: 3ea3522373e3b4d2ef39113c39531efd -> 
  custom:scripting/monoscript/fileName/DefaultSpriteNameFileIdDataProvider.cs: cd965ed390b21ec0302c3211a9f903ff -> 
  custom:framework-win-MediaFoundation: 216162199b28c13a410421893ffa2e32 -> 
  custom:scripting/monoscript/fileName/ShapeEditor.cs: 7eba0c642af179a392c34e527393b30b -> 
  custom:scripting/monoscript/fileName/SpritePolygonModeModule.cs: 8b4aa126b968b0772b9e20476364e690 -> 
  custom:scripting/precompiled-assembly-types:Unity.2D.Sprite.Editor: 17bc6c182f43764addce77b58cdd60c9 -> 
  custom:scripting/monoscript/fileName/ItemCreationUtility.cs: d1c4ddba747ed633116f555c0d69ace7 -> 
  custom:CustomObjectIndexerAttribute: 9a22284fe3817be447336de3de66b15e -> 
  custom:scripting/monoscript/fileName/SpriteEditorHandles.cs: 8b78502b9b56b3c556563a6e935b52ad -> 
  custom:container-demuxer-webm: 4f35f7cbe854078d1ac9338744f61a02 -> 
  custom:scripting/monoscript/fileName/SpriteNameFileIdPair.cs: 8dab74045e538d5698ea3c4caed3e48c -> 
  custom:scripting/monoscript/fileName/IGL.cs: 8903f8a1304142ec1aefe33b7a4db28c -> 
  custom:scripting/monoscript/fileName/SpritePhysicsShapeModule.cs: 35688b9e178698712b557d50761dc7c2 -> 
  custom:scripting/monoscript/fileName/ITexture.cs: dbb4c87e1c028ce779185d5d3d566460 -> 
  custom:container-muxer-webm: aa71ff27fc2769a1b78a27578f13a17b -> 
  custom:scripting/monoscript/fileName/IEvent.cs: c25d501578d8ebe48d7b30415b0df4c5 -> 
  custom:video-decoder-webm-vp8: 9c59270c3fd7afecdb556c50c9e8de78 -> 
  custom:scripting/monoscript/fileName/SpriteOutlineModule.cs: 249fecf584323de7d2fd0b14e9a4944c -> 
  custom:SearchIndexIgnoredProperties: e643bd26f0fe6173181afceb89e7c659 -> 
  custom:AudioImporter_EditorPlatform: d09bf68614088b80899f8185d706f6e7 -> 
  custom:scripting/monoscript/fileName/SpriteEditorUtility.cs: 7e2d1f2cb427fd67c5461f9431375c3a -> 
  custom:scripting/monoscript/fileName/SpriteSecondaryTexturesModule.cs: 8f361de5bdfd731e220c415240ad033f -> 
  custom:scripting/monoscript/fileName/IGUIUtility.cs: cad79017f17454feb4e1799b1c42f87c -> 
  custom:scripting/monoscript/fileName/IHandles.cs: d2780a18a3844e49d490d68d5cb3d26a -> 
  custom:scripting/monoscript/fileName/TextureImporterDataProvider.cs: d68f5d5325387f4e38fdcf2610c72ce3 -> 
  custom:scripting/monoscript/fileName/SpriteEditorMenu.cs: f9042f312a91c162ede0d5de48225240 -> 
  custom:scripting/monoscript/fileName/ISpriteEditorDataProvider.cs: 4c01add71bf03a3e1afff21bbd534ee9 -> 
  custom:scripting/monoscript/fileName/IUndoSystem.cs: 841a069a843e48d57d362ca08bca21d4 -> 
  custom:scripting/monoscript/fileName/SpritePolygonModeModuleView.cs: db8ddbee5a89c636987047f4602001ef -> 
  custom:scripting/monoscript/fileName/SpriteEditorData.cs: 79e0d970ecf11ef3020398e38672548f -> 
  custom:video-encoder-webm-vp8: eb34c28f22e8b96e1ab97ce403110664 -> 
  custom:audio-decoder-ogg-vorbis: bf7c407c2cedff20999df2af8eb42d56 -> 
  custom:scripting/monoscript/fileName/SpriteEditorWindowSettings.cs: 8e59c26ada2085b3ebaa83fd01af70e3 -> 
  custom:scripting/monoscript/fileName/SpriteFrameModuleBaseView.cs: 72abaa53c3c1184e23d4d9a45f62d8c2 -> 
  custom:scripting/monoscript/fileName/IAssetDatabase.cs: c40b958675a6cd5b519fa6ca497fede4 -> 
  custom:scripting/monoscript/fileName/SpriteFrameModule.cs: f07011b3ec3622062bef733dc29fedf0 -> 
  custom:scripting/monoscript/fileName/ShapeEditorRectSelection.cs: 1696d724b33ef6168949bbdce78d19c6 -> 
  custom:scripting/monoscript/fileName/TextureImporterDataProviderImplementation.cs: ffb9fda6ca225aa106e9fa84455f4e60 -> 
  custom:audio-encoder-webm-vorbis: bf7c407c2cedff20999df2af8eb42d56 -> 
  custom:scripting/monoscript/fileName/SpriteUtilityWindow.cs: 4827aafd0c4d893166845eac1266c4ed -> 
  custom:scripting/monoscript/fileName/SpriteFrameModuleBase.cs: 82472910b376b3c28a6f5b31b28f5f51 -> 
  custom:scripting/monoscript/fileName/SpriteFrameModuleView.cs: f07011b3ec3622062bef733dc29fedf0 -> 
========================================================================
Received Import Request.
  Time since last request: 525.416685 seconds.
  path: Assets/UI/buttons/Button_Large_A.png
  artifactKey: Guid(fee7cb0981897184ca8e254670a1d84f) Importer(815301076,1909f56bfc062723c751e8b465ee728b)
Start importing Assets/UI/buttons/Button_Large_A.png using Guid(fee7cb0981897184ca8e254670a1d84f) Importer(815301076,1909f56bfc062723c751e8b465ee728b) [PhysX] Initialized MultithreadedTaskDispatcher with 4 workers.
[PhysX] Initialized MultithreadedTaskDispatcher with 4 workers.
 -> (artifact id: '298f5ff98888e9e9ef5196edebaf2f2a') in 0.216215 seconds
Number of updated asset objects reloaded before import = 0
Number of asset objects unloaded after import = 3
========================================================================
Received Import Request.
  Time since last request: 24.847190 seconds.
  path: Assets/UI/buttons/Button_Large_A.png
  artifactKey: Guid(fee7cb0981897184ca8e254670a1d84f) Importer(815301076,1909f56bfc062723c751e8b465ee728b)
Start importing Assets/UI/buttons/Button_Large_A.png using Guid(fee7cb0981897184ca8e254670a1d84f) Importer(815301076,1909f56bfc062723c751e8b465ee728b) [PhysX] Initialized MultithreadedTaskDispatcher with 4 workers.
[PhysX] Initialized MultithreadedTaskDispatcher with 4 workers.
 -> (artifact id: 'eeaa27a36c08341b637baa78d714f898') in 0.017293 seconds
Number of updated asset objects reloaded before import = 0
Number of asset objects unloaded after import = 3
